============================= test session starts ==============================
platform linux -- Python 3.13.7, pytest-8.4.2, pluggy-1.6.0
rootdir: /a0/usr/projects/main-startup-build
plugins: anyio-4.12.1, cov-5.0.0, asyncio-1.3.0
asyncio: mode=Mode.STRICT, debug=False, asyncio_default_fixture_loop_scope=None, asyncio_default_test_loop_scope=function
collected 5 items / 3 errors

==================================== ERRORS ====================================
_ ERROR collecting artifacts/github_push/agent-zero_bbp-plan-ui_20260130-1546-bbp_queue_ui_repo/apps/backend/tests/test_agent0_docs.py _
ImportError while importing test module '/a0/usr/projects/main-startup-build/artifacts/github_push/agent-zero_bbp-plan-ui_20260130-1546-bbp_queue_ui_repo/apps/backend/tests/test_agent0_docs.py'.
Hint: make sure your test modules/packages have valid Python names.
Traceback:
/usr/lib/python3.13/importlib/__init__.py:88: in import_module
    return _bootstrap._gcd_import(name[level:], package, level)
           ^^^^^^^^^^^^^^^^^^^^^^^^^^^^^^^^^^^^^^^^^^^^^^^^^^^^
k1/apps/backend/tests/test_agent0_docs.py:2: in <module>
    from src.main import app
E   ModuleNotFoundError: No module named 'src'
_ ERROR collecting artifacts/stage-backend/backend/kaison/tests/test_callsign_instrumentation.py _
ImportError while importing test module '/a0/usr/projects/main-startup-build/artifacts/stage-backend/backend/kaison/tests/test_callsign_instrumentation.py'.
Hint: make sure your test modules/packages have valid Python names.
Traceback:
/usr/lib/python3.13/importlib/__init__.py:88: in import_module
    return _bootstrap._gcd_import(name[level:], package, level)
           ^^^^^^^^^^^^^^^^^^^^^^^^^^^^^^^^^^^^^^^^^^^^^^^^^^^^
artifacts/stage-backend/backend/kaison/tests/test_callsign_instrumentation.py:2: in <module>
    from kaison_orchestrator.mcp_server import app
E   ModuleNotFoundError: No module named 'kaison_orchestrator'
_ ERROR collecting artifacts/stage-backend/backend/kaison/tests/test_smoke.py __
ImportError while importing test module '/a0/usr/projects/main-startup-build/artifacts/stage-backend/backend/kaison/tests/test_smoke.py'.
Hint: make sure your test modules/packages have valid Python names.
Traceback:
/usr/lib/python3.13/importlib/__init__.py:88: in import_module
    return _bootstrap._gcd_import(name[level:], package, level)
           ^^^^^^^^^^^^^^^^^^^^^^^^^^^^^^^^^^^^^^^^^^^^^^^^^^^^
artifacts/stage-backend/backend/kaison/tests/test_smoke.py:1: in <module>
    from kaison_core.config import settings
E   ModuleNotFoundError: No module named 'kaison_core'
=========================== short test summary info ============================
ERROR artifacts/github_push/agent-zero_bbp-plan-ui_20260130-1546-bbp_queue_ui_repo/apps/backend/tests/test_agent0_docs.py
ERROR artifacts/stage-backend/backend/kaison/tests/test_callsign_instrumentation.py
ERROR artifacts/stage-backend/backend/kaison/tests/test_smoke.py
!!!!!!!!!!!!!!!!!!!!!!!!!! stopping after 3 failures !!!!!!!!!!!!!!!!!!!!!!!!!!!
============================== 3 errors in 6.40s ===============================
