============================= test session starts ==============================
platform linux -- Python 3.13.7, pytest-8.4.2, pluggy-1.6.0
rootdir: /a0/usr/projects/main-startup-build/k1
configfile: pytest.ini
plugins: anyio-4.12.1, cov-5.0.0, asyncio-1.3.0
asyncio: mode=Mode.STRICT, debug=False, asyncio_default_fixture_loop_scope=None, asyncio_default_test_loop_scope=function
collected 20 items

k1/tests/test_dorks_hil.py ...                                           [ 15%]
k1/tests/test_dorks_run_persistence.py .                                 [ 20%]
k1/tests/test_findings_validated_gate.py .                               [ 25%]
k1/tests/test_logs_redaction_negative.py ..                              [ 35%]
k1/tests/test_mailer_endpoints.py ..                                     [ 45%]
k1/tests/test_planner.py ..                                              [ 55%]
k1/tests/test_policy_gates_negative.py ...                               [ 70%]
k1/tests/test_report_format_validation.py .                              [ 75%]
k1/tests/test_reports_finalize_gate.py F                                 [ 80%]
k1/tests/test_reports_submit_hil.py F.                                   [ 90%]
k1/tests/test_state_config.py .                                          [ 95%]
k1/tests/test_vector_store_endpoints.py .                                [100%]

=================================== FAILURES ===================================
_____________ test_finalize_requires_mitigation_plan_and_recording _____________
k1/tests/test_reports_finalize_gate.py:61: in test_finalize_requires_mitigation_plan_and_recording
    assert r.status_code == 200, r.text
E   AssertionError: {"status":"blocked","reason":"recording_required"}
E   assert 409 == 200
E    +  where 409 = <Response [409 Conflict]>.status_code
______________________ test_submit_hil_persists_artifacts ______________________
k1/tests/test_reports_submit_hil.py:34: in test_submit_hil_persists_artifacts
    assert r.status_code == 200, r.text
E   AssertionError: {"detail":"screen_recording_required"}
E   assert 409 == 200
E    +  where 409 = <Response [409 Conflict]>.status_code

---------- coverage: platform linux, python 3.13.7-final-0 -----------
Name                                             Stmts   Miss  Cover   Missing
------------------------------------------------------------------------------
k1/__init__.py                                       0      0   100%
k1/apps/__init__.py                                  0      0   100%
k1/apps/backend/__init__.py                          0      0   100%
k1/apps/backend/src/__init__.py                      0      0   100%
k1/apps/backend/src/app/__init__.py                  0      0   100%
k1/apps/backend/src/app/main.py                      9      9     0%   1-18
k1/apps/backend/src/core/__init__.py                 0      0   100%
k1/apps/backend/src/core/auth.py                    33      3    91%   33, 43, 45
k1/apps/backend/src/core/chain_builder.py           16     16     0%   1-27
k1/apps/backend/src/core/chains.py                  63     56    11%   23, 33-109
k1/apps/backend/src/core/dispatcher.py              19     19     0%   1-23
k1/apps/backend/src/core/duplicates.py              75     62    17%   13-14, 18-26, 30-48, 53-60, 67-103
k1/apps/backend/src/core/email_formats.py           30     17    43%   31-34, 38, 42-45, 49-56
k1/apps/backend/src/core/email_templates.py         10     10     0%   1-38
k1/apps/backend/src/core/embeddings.py              64     47    27%   16, 20-21, 25-33, 37, 41-55, 59-71, 75-86
k1/apps/backend/src/core/exporters.py               23     14    39%   13-26
k1/apps/backend/src/core/finalize.py                37     10    73%   24-25, 36-37, 41-42, 47-52
k1/apps/backend/src/core/format_rules.py            30     20    33%   23-28, 32-46
k1/apps/backend/src/core/graph.py                   46     36    22%   15-50
k1/apps/backend/src/core/jobs.py                    29     19    34%   12-21, 25-37, 41-42
k1/apps/backend/src/core/logs.py                    47     21    55%   34-37, 41-54, 58-60
k1/apps/backend/src/core/mailer.py                  11     11     0%   1-15
k1/apps/backend/src/core/merkle.py                  37     29    22%   9, 13-17, 21-51
k1/apps/backend/src/core/metrics.py                 38     16    58%   9-10, 36-55
k1/apps/backend/src/core/models.py                  65      0   100%
k1/apps/backend/src/core/obsidian.py                80     62    22%   17, 20-23, 26, 30-46, 49-53, 56-82, 85-91
k1/apps/backend/src/core/packager.py                60     42    30%   19-20, 24, 28-41, 45-84
k1/apps/backend/src/core/persistence.py             27     27     0%   1-33
k1/apps/backend/src/core/planner.py                 39      8    79%   44, 77-83, 87-89, 100, 103
k1/apps/backend/src/core/providers.py               19      0   100%
k1/apps/backend/src/core/recordings.py              63     41    35%   17-25, 28-42, 45-60, 66-67, 70-72
k1/apps/backend/src/core/report_formats.py          66     16    76%   11-18, 25, 66-67, 70-73, 80
k1/apps/backend/src/core/report_validator.py        15     15     0%   1-32
k1/apps/backend/src/core/run_store.py               38     11    71%   25-31, 34, 41, 44-45
k1/apps/backend/src/core/scope.py                   62     33    47%   17-18, 24-36, 50-51, 63-70, 74-79, 85-89
k1/apps/backend/src/core/submissions.py             38     38     0%   1-47
k1/apps/backend/src/core/tot.py                     34     34     0%   1-48
k1/apps/backend/src/core/trace.py                   99     21    79%   23-24, 36-37, 76-77, 108-109, 111-124
k1/apps/backend/src/core/vector_pg.py               68     68     0%   1-94
k1/apps/backend/src/core/vector_store.py            85     21    75%   14-20, 25, 32, 61, 69-72, 88-93, 104
k1/apps/backend/src/core/ws.py                      22     12    45%   11-12, 15-16, 19-26
k1/apps/backend/src/main.py                         41      3    93%   50, 96-97
k1/apps/backend/src/routers/__init__.py              0      0   100%
k1/apps/backend/src/routers/agent0.py               41     26    37%   19-42, 46-54
k1/apps/backend/src/routers/auth.py                 19      8    58%   15-22, 26
k1/apps/backend/src/routers/chains.py               67     45    33%   11-14, 19, 25, 36-45, 50-54, 62-66, 71-91
k1/apps/backend/src/routers/docs.py                 24     13    46%   14-24, 28-33
k1/apps/backend/src/routers/dorks.py               111     48    57%   25-26, 42, 44-49, 88-89, 94, 101, 134-135, 154-175, 180-194
k1/apps/backend/src/routers/embeddings.py           21     11    48%   11-15, 19-24
k1/apps/backend/src/routers/evidence.py             52     13    75%   23-25, 33, 36, 39, 48, 51, 56-60
k1/apps/backend/src/routers/export.py               12      4    67%   11-14
k1/apps/backend/src/routers/findings.py             38      8    79%   18, 22, 42-46, 52
k1/apps/backend/src/routers/graph.py                 8      1    88%   11
k1/apps/backend/src/routers/intel.py                15      6    60%   20-25
k1/apps/backend/src/routers/knowledge.py            13      3    77%   10, 14, 18
k1/apps/backend/src/routers/logs.py                 16      5    69%   10, 14, 18-20
k1/apps/backend/src/routers/mailer.py               92     40    57%   23-47, 55, 59-66, 76-78, 87, 109-111
k1/apps/backend/src/routers/mcp.py                   9      1    89%   12
k1/apps/backend/src/routers/metrics.py               7      1    86%   10
k1/apps/backend/src/routers/orchestrator.py         53     40    25%   12-19, 25-38, 43-65
k1/apps/backend/src/routers/persona.py              12      1    92%   21
k1/apps/backend/src/routers/planner.py              23      2    91%   13, 23
k1/apps/backend/src/routers/programs.py            130     93    28%   17-32, 36-42, 46-49, 64-75, 79-84, 88, 92-95, 99-115, 125-178
k1/apps/backend/src/routers/realtime.py             26     17    35%   13-27, 32-33
k1/apps/backend/src/routers/recordings.py           38     19    50%   17-25, 29-33, 37-40, 44
k1/apps/backend/src/routers/reports.py             186    118    37%   23-35, 41, 44, 54-55, 63, 69-99, 103-109, 115, 121-126, 133-163, 167-173, 183-187, 193-226, 233-241
k1/apps/backend/src/routers/runs.py                 16      7    56%   11-13, 17-20
k1/apps/backend/src/routers/scans.py                30     30     0%   1-50
k1/apps/backend/src/routers/scope.py                12      2    83%   11, 15
k1/apps/backend/src/routers/state.py                26      4    85%   13, 17, 21, 30
k1/apps/backend/src/routers/submissions.py          72     72     0%   1-89
k1/apps/backend/src/routers/triage.py               18     10    44%   20-29
k1/apps/backend/src/routers/vector.py               28      2    93%   19, 28
k1/main.py                                          11      2    82%   9, 12
k1/modules/__init__.py                               0      0   100%
k1/modules/generators/__init__.py                    0      0   100%
k1/modules/generators/nuclei_from_cve.py            38     38     0%   1-61
k1/modules/ingest/__init__.py                        0      0   100%
k1/modules/ingest/epss_ingest.py                    27     27     0%   1-34
k1/modules/ingest/exploitdb_ingest.py               27     27     0%   1-39
k1/modules/ingest/kev_ingest.py                     24     24     0%   1-35
k1/modules/ingest/nvd_ingest.py                     52     52     0%   1-68
k1/modules/mapping/__init__.py                       0      0   100%
k1/modules/mapping/cpe_mapper.py                    18     18     0%   1-41
k1/modules/scanners/google_dorks/cse_client.py      61     48    21%   11-14, 17-18, 21-28, 31-34, 37-70, 73-85
k1/modules/triage/__init__.py                        0      0   100%
k1/modules/triage/scoring_service.py                57     29    49%   16-20, 34-35, 44-74
k1/modules/vector/__init__.py                        0      0   100%
k1/modules/vector/embedding.py                      51     40    22%   9, 12-19, 22, 25-32, 35-47, 50-59
k1/scripts/__init__.py                               0      0   100%
k1/scripts/embeddings_build.py                      27     27     0%   2-41
k1/scripts/gen_templates.py                          6      6     0%   2-18
k1/scripts/retention_job.py                         41     41     0%   1-49
k1/scripts/run_ingest.py                            15     15     0%   2-17
k1/scripts/triage_score.py                           8      8     0%   2-15
k1/tests/conftest.py                                15      0   100%
k1/tests/test_dorks_hil.py                          15      0   100%
k1/tests/test_dorks_run_persistence.py               9      0   100%
k1/tests/test_findings_validated_gate.py            12      0   100%
k1/tests/test_logs_redaction_negative.py            32      0   100%
k1/tests/test_mailer_endpoints.py                   44      1    98%   9
k1/tests/test_planner.py                            29      1    97%   7
k1/tests/test_policy_gates_negative.py              25      1    96%   49
k1/tests/test_report_format_validation.py           23      1    96%   8
k1/tests/test_reports_finalize_gate.py              45     10    78%   15, 35-36, 38-41, 62-64
k1/tests/test_reports_submit_hil.py                 36      9    75%   7, 35-42
k1/tests/test_state_config.py                       22      1    95%   8
k1/tests/test_vector_store_endpoints.py             25      1    96%   8
------------------------------------------------------------------------------
TOTAL                                             3548   1944    45%

=========================== short test summary info ============================
FAILED k1/tests/test_reports_finalize_gate.py::test_finalize_requires_mitigation_plan_and_recording
FAILED k1/tests/test_reports_submit_hil.py::test_submit_hil_persists_artifacts
=================== 2 failed, 18 passed, 1 warning in 3.82s ====================
