============================= test session starts ==============================
platform linux -- Python 3.13.7, pytest-8.4.2, pluggy-1.6.0
rootdir: /a0/usr/projects/main-startup-build/k1
configfile: pytest.ini
plugins: anyio-4.12.1, cov-5.0.0, asyncio-1.3.0
asyncio: mode=Mode.STRICT, debug=False, asyncio_default_fixture_loop_scope=None, asyncio_default_test_loop_scope=function
collected 19 items

k1/tests/test_dorks_hil.py ...                                           [ 15%]
k1/tests/test_dorks_run_persistence.py .                                 [ 21%]
k1/tests/test_findings_validated_gate.py .                               [ 26%]
k1/tests/test_logs_redaction_negative.py ..                              [ 36%]
k1/tests/test_mailer_endpoints.py ..                                     [ 47%]
k1/tests/test_planner.py ..                                              [ 57%]
k1/tests/test_policy_gates_negative.py ...                               [ 73%]
k1/tests/test_report_format_validation.py .                              [ 78%]
k1/tests/test_reports_finalize_gate.py F                                 [ 84%]
k1/tests/test_reports_submit_hil.py F                                    [ 89%]
k1/tests/test_state_config.py .                                          [ 94%]
k1/tests/test_vector_store_endpoints.py .                                [100%]

=================================== FAILURES ===================================
_____________ test_finalize_requires_mitigation_plan_and_recording _____________
k1/tests/test_reports_finalize_gate.py:28: in test_finalize_requires_mitigation_plan_and_recording
    resp = client.post(f"/reports/render", json={"run_id": run_id, "title": "Dummy", "severity": "medium", "summary": "Test"})
                                                           ^^^^^^
E   NameError: name 'run_id' is not defined
______________________ test_submit_hil_persists_artifacts ______________________
k1/tests/test_reports_submit_hil.py:24: in test_submit_hil_persists_artifacts
    resp = client.post(f"/reports/validate", json={"run_id": run_id, "title": "Dummy", "severity": "medium", "summary": "Test"})
                                                             ^^^^^^
E   NameError: name 'run_id' is not defined
=========================== short test summary info ============================
FAILED k1/tests/test_reports_finalize_gate.py::test_finalize_requires_mitigation_plan_and_recording
FAILED k1/tests/test_reports_submit_hil.py::test_submit_hil_persists_artifacts
=================== 2 failed, 17 passed, 1 warning in 1.24s ====================
